<?xml version="1.0" encoding="UTF-8"?>
<!-- Generated by org.testng.reporters.JUnitReportReporter -->
<testsuite hostname="DESKTOP-4N6K1OF" failures="0" tests="1" name="samp.GoogleTest" time="17.654" errors="0" timestamp="2024-09-16T17:46:50 IST" skipped="0">
  <testcase classname="samp.GoogleTest" name="homePageTest" time="17.654"/>
  <system-out/>
</testsuite> <!-- samp.GoogleTest -->
